<?xml version="1.0" encoding="UTF-8"?>
<!-- Generated by org.testng.reporters.JUnitReportReporter -->
<testsuite skipped="0" hostname="LAPTOP-DV2GV97N" name="HomePageTest" tests="1" failures="0" timestamp="23 Mar 2022 14:15:52 GMT" time="9.663" errors="0">
  <testcase name="TC_1verifySignIn" time="9.663" classname="HomePageTest"/>
</testsuite> <!-- HomePageTest -->
